<?xml version="1.0" encoding="UTF-8"?>
<!-- Generated by org.testng.reporters.JUnitReportReporter -->
<testsuite hostname="INLEN8520032393" failures="0" tests="1" name="BookStoreTeam4.AccGenerateToken" time="4.843" errors="0" timestamp="2022-07-01T11:03:27 IST" skipped="0">
  <testcase classname="BookStoreTeam4.AccGenerateToken" name="GenerateToken" time="4.843"/>
  <system-out/>
</testsuite> <!-- BookStoreTeam4.AccGenerateToken -->
