<?xml version="1.0" encoding="UTF-8"?>
<!-- Generated by org.testng.reporters.JUnitReportReporter -->
<testsuite hostname="INLEN8520032393" failures="0" tests="1" name="AccountTeam4.AccGenerateToken" time="2.215" errors="0" timestamp="2022-07-03T10:50:32 IST" skipped="0">
  <testcase classname="AccountTeam4.AccGenerateToken" name="GenerateToken" time="2.215"/>
  <system-out/>
</testsuite> <!-- AccountTeam4.AccGenerateToken -->
