<?xml version="1.0" encoding="UTF-8"?>
<!-- Generated by org.testng.reporters.JUnitReportReporter -->
<testsuite hostname="INLEN8520032393" failures="0" tests="1" name="BookStoreTeam4.GetAllBook" time="2.789" errors="0" timestamp="2022-07-02T16:48:42 IST" skipped="0">
  <testcase classname="BookStoreTeam4.GetAllBook" name="getAllBook" time="2.789"/>
  <system-out/>
</testsuite> <!-- BookStoreTeam4.GetAllBook -->
