<?xml version="1.0" encoding="UTF-8"?>
<!-- Generated by org.testng.reporters.JUnitReportReporter -->
<testsuite hostname="INLEN8520032393" failures="0" tests="1" name="BookStoreTeam4.ModifyBook" time="2.505" errors="0" timestamp="2022-07-02T16:44:55 IST" skipped="0">
  <testcase classname="BookStoreTeam4.ModifyBook" name="modifyBook" time="2.505"/>
  <system-out/>
</testsuite> <!-- BookStoreTeam4.ModifyBook -->
