<?xml version="1.0" encoding="UTF-8"?>
<!-- Generated by org.testng.reporters.JUnitReportReporter -->
<testsuite hostname="INLEN8520032393" failures="0" tests="1" name="BookStoreTeam4.AccDeleteUser" time="2.344" errors="0" timestamp="2022-07-01T11:48:53 IST" skipped="0">
  <testcase classname="BookStoreTeam4.AccDeleteUser" name="deleteuser" time="2.344"/>
  <system-out/>
</testsuite> <!-- BookStoreTeam4.AccDeleteUser -->
