<?xml version="1.0" encoding="UTF-8"?>
<!-- Generated by org.testng.reporters.JUnitReportReporter -->
<testsuite hostname="INLEN8520032393" failures="0" tests="1" name="AccountTeam4.AccAuthorized" time="3.423" errors="0" timestamp="2022-07-04T13:06:35 IST" skipped="0">
  <testcase classname="AccountTeam4.AccAuthorized" name="Authirized" time="3.423"/>
  <system-out/>
</testsuite> <!-- AccountTeam4.AccAuthorized -->
